2021-05-11 10:04:54 DEBUG TestBase:52 - started to executing the browser launching setup()
2021-05-11 10:04:54 DEBUG TestBase:53 - fetch the browser value from the properties file
2021-05-11 10:04:54 INFO  TestBase:31 - create object for properties class
2021-05-11 10:04:54 DEBUG TestBase:33 - read the properties file
2021-05-11 10:04:54 INFO  TestBase:38 - load all the properties
2021-05-11 10:04:54 DEBUG TestBase:56 - setting my chrome browser exe file by webdrivermanager class
2021-05-11 10:04:57 DEBUG TestBase:75 - maximize the browser
2021-05-11 10:04:57 DEBUG TestBase:77 - add implicit wait
2021-05-11 10:04:57 DEBUG TestBase:79 - create a webdriverwait object explicit wait command 
2021-05-11 10:04:57 INFO  TestBase:31 - create object for properties class
2021-05-11 10:04:57 DEBUG TestBase:33 - read the properties file
2021-05-11 10:04:57 INFO  TestBase:38 - load all the properties
2021-05-11 10:04:57 DEBUG TestBase:81 - Open the application url:https://www.linkedin.com/home
2021-05-11 10:04:57 INFO  TestBase:31 - create object for properties class
2021-05-11 10:04:57 DEBUG TestBase:33 - read the properties file
2021-05-11 10:04:57 INFO  TestBase:38 - load all the properties
2021-05-11 10:04:57 DEBUG SearchDataDrivenTest:30 - Pages initilization...
2021-05-11 10:04:58 DEBUG SearchDataDrivenTest:37 - calling title verification methods
2021-05-11 10:04:58 DEBUG LinkedinHomePage:42 - wait for the linked in home page title
2021-05-11 10:04:58 DEBUG LinkedinHomePage:48 - wait for the linkedin logo
2021-05-11 10:04:58 DEBUG LinkedinHomePage:54 - Click on sign in link on home page
2021-05-11 10:04:58 DEBUG BasePageWeb:45 - wait for the element to be clickable or not
2021-05-11 10:04:58 DEBUG BasePageWeb:47 - click on the given element
2021-05-11 10:04:59 DEBUG LinkedinHomePage:64 - wait for the Signin header text
2021-05-11 10:04:59 INFO  TestBase:31 - create object for properties class
2021-05-11 10:04:59 DEBUG TestBase:33 - read the properties file
2021-05-11 10:04:59 INFO  TestBase:38 - load all the properties
2021-05-11 10:04:59 INFO  TestBase:31 - create object for properties class
2021-05-11 10:04:59 DEBUG TestBase:33 - read the properties file
2021-05-11 10:04:59 INFO  TestBase:38 - load all the properties
2021-05-11 10:04:59 DEBUG LinkedinHomePage:76 - Started Log in Process...
2021-05-11 10:04:59 DEBUG LinkedinHomePage:70 - Click on signin button in sign in page
2021-05-11 10:04:59 DEBUG BasePageWeb:45 - wait for the element to be clickable or not
2021-05-11 10:04:59 DEBUG BasePageWeb:47 - click on the given element
2021-05-11 10:05:01 DEBUG LinkedinLoggedInPage:32 - wait for the ProfileRailCard
2021-05-11 10:05:02 DEBUG ExcelUtils:31 - Specify the path of file :C:\Users\Srilakshmi\eclipse-workspace\Hybridfrmaeworkmay62021\src\test\java\com\qa\linkedin\data\searchdata.xlsx
2021-05-11 10:05:02 DEBUG ExcelUtils:34 - read the file
2021-05-11 10:05:02 DEBUG ExcelUtils:36 - Load workbook
2021-05-11 10:05:02 DEBUG ExcelUtils:41 - fetch the row count
2021-05-11 10:05:02 DEBUG ExcelUtils:43 - number of rows in the excel sheet is-->3
2021-05-11 10:05:02 DEBUG ExcelUtils:45 - number of columns in the excel sheet is -->1
2021-05-11 10:05:02 DEBUG SearchDataDrivenTest:59 - Started executing the search test for peopleSahith
2021-05-11 10:05:02 DEBUG LinkedinLoggedInPage:45 - Perform the people search
2021-05-11 10:05:04 DEBUG LinkedinLoggedInPage:48 - Press the enter key to submit the search form
2021-05-11 10:05:05 DEBUG SearchResultsPage:28 - wait for the verifySearchResultsPageTitle
2021-05-11 10:05:06 DEBUG SearchResultsPage:35 - performing fetching results count for the given people
2021-05-11 10:05:06 DEBUG BasePageWeb:45 - wait for the element to be clickable or not
2021-05-11 10:05:06 DEBUG BasePageWeb:47 - click on the given element
2021-05-11 10:05:06 DEBUG SearchResultsPage:43 - wait for the search results text
2021-05-11 10:05:07 DEBUG SearchResultsPage:45 - Get the search results text from webpage
2021-05-11 10:05:07 DEBUG SearchResultsPage:53 - results count in string format---->1,100
2021-05-11 10:05:07 DEBUG SearchResultsPage:55 - Convert String into long format
2021-05-11 10:05:07 DEBUG SearchDataDrivenTest:63 - Search results count forSahithis1100
2021-05-11 10:05:07 DEBUG SearchDataDrivenTest:64 - click on home tab to go to loggedin page
2021-05-11 10:05:07 DEBUG SearchResultsPage:63 - click on home tab
2021-05-11 10:05:07 DEBUG BasePageWeb:60 - wait for the element to be clickable or not
2021-05-11 10:05:07 DEBUG BasePageWeb:63 - click an element using javascript click
2021-05-11 10:05:07 DEBUG SearchDataDrivenTest:66 - **************iteration done******************
2021-05-11 10:05:07 DEBUG SearchDataDrivenTest:59 - Started executing the search test for peoplesitha
2021-05-11 10:05:07 DEBUG LinkedinLoggedInPage:45 - Perform the people search
2021-05-11 10:05:09 DEBUG LinkedinLoggedInPage:48 - Press the enter key to submit the search form
2021-05-11 10:05:09 DEBUG SearchResultsPage:28 - wait for the verifySearchResultsPageTitle
2021-05-11 10:05:09 DEBUG SearchResultsPage:35 - performing fetching results count for the given people
2021-05-11 10:05:19 DEBUG SearchResultsPage:43 - wait for the search results text
2021-05-11 10:05:19 DEBUG SearchResultsPage:45 - Get the search results text from webpage
2021-05-11 10:05:19 DEBUG SearchResultsPage:53 - results count in string format---->7,400
2021-05-11 10:05:19 DEBUG SearchResultsPage:55 - Convert String into long format
2021-05-11 10:05:19 DEBUG SearchDataDrivenTest:63 - Search results count forsithais7400
2021-05-11 10:05:19 DEBUG SearchDataDrivenTest:64 - click on home tab to go to loggedin page
2021-05-11 10:05:19 DEBUG SearchResultsPage:63 - click on home tab
2021-05-11 10:05:19 DEBUG BasePageWeb:60 - wait for the element to be clickable or not
2021-05-11 10:05:20 DEBUG BasePageWeb:63 - click an element using javascript click
2021-05-11 10:05:20 DEBUG SearchDataDrivenTest:66 - **************iteration done******************
2021-05-11 10:05:20 DEBUG SearchDataDrivenTest:59 - Started executing the search test for peopleRama
2021-05-11 10:05:20 DEBUG LinkedinLoggedInPage:45 - Perform the people search
2021-05-11 10:05:22 DEBUG LinkedinLoggedInPage:48 - Press the enter key to submit the search form
2021-05-11 10:05:22 DEBUG SearchResultsPage:28 - wait for the verifySearchResultsPageTitle
2021-05-11 10:05:22 DEBUG SearchResultsPage:35 - performing fetching results count for the given people
2021-05-11 10:05:32 DEBUG SearchResultsPage:43 - wait for the search results text
2021-05-11 10:05:32 DEBUG SearchResultsPage:45 - Get the search results text from webpage
2021-05-11 10:05:32 DEBUG SearchResultsPage:53 - results count in string format---->281,000
2021-05-11 10:05:32 DEBUG SearchResultsPage:55 - Convert String into long format
2021-05-11 10:05:32 DEBUG SearchDataDrivenTest:63 - Search results count forRamais281000
2021-05-11 10:05:32 DEBUG SearchDataDrivenTest:64 - click on home tab to go to loggedin page
2021-05-11 10:05:32 DEBUG SearchResultsPage:63 - click on home tab
2021-05-11 10:05:32 DEBUG BasePageWeb:60 - wait for the element to be clickable or not
2021-05-11 10:05:32 DEBUG BasePageWeb:63 - click an element using javascript click
2021-05-11 10:05:32 DEBUG SearchDataDrivenTest:66 - **************iteration done******************
2021-05-11 10:05:32 DEBUG SearchDataDrivenTest:52 - Perform the logout operation from application
2021-05-11 10:05:32 DEBUG LinkedinLoggedInPage:39 - perform the logout operation from the application
2021-05-11 10:05:32 DEBUG BasePageWeb:45 - wait for the element to be clickable or not
2021-05-11 10:05:32 DEBUG BasePageWeb:47 - click on the given element
2021-05-11 10:05:32 DEBUG BasePageWeb:45 - wait for the element to be clickable or not
2021-05-11 10:05:32 DEBUG BasePageWeb:47 - click on the given element
2021-05-11 10:05:32 DEBUG LinkedinHomePage:42 - wait for the linked in home page title
2021-05-11 10:05:33 DEBUG cache:45 - Couldn't find template in cache for "v3html/v3-html-index.ftl"("en", UTF-8, parsed); will try to load it.
2021-05-11 10:05:33 DEBUG cache:45 - TemplateLoader.findTemplateSource("v3html/v3-html-index_en.ftl"): Not found
2021-05-11 10:05:33 DEBUG cache:45 - TemplateLoader.findTemplateSource("v3html/v3-html-index.ftl"): Found
2021-05-11 10:05:33 DEBUG cache:45 - Loading template for "v3html/v3-html-index.ftl"("en", UTF-8, parsed) from "jar:file:/C:/Users/Srilakshmi/.m2/repository/com/aventstack/extentreports/4.0.9/extentreports-4.0.9.jar!/com/aventstack/extentreports/view/v3html/v3-html-index.ftl"
2021-05-11 10:05:33 DEBUG cache:45 - Couldn't find template in cache for "v3html/v3-html-head.ftl"("en", UTF-8, parsed); will try to load it.
2021-05-11 10:05:33 DEBUG cache:45 - TemplateLoader.findTemplateSource("v3html/v3-html-head_en.ftl"): Not found
2021-05-11 10:05:33 DEBUG cache:45 - TemplateLoader.findTemplateSource("v3html/v3-html-head.ftl"): Found
2021-05-11 10:05:33 DEBUG cache:45 - Loading template for "v3html/v3-html-head.ftl"("en", UTF-8, parsed) from "jar:file:/C:/Users/Srilakshmi/.m2/repository/com/aventstack/extentreports/4.0.9/extentreports-4.0.9.jar!/com/aventstack/extentreports/view/v3html/v3-html-head.ftl"
2021-05-11 10:05:33 DEBUG cache:45 - Couldn't find template in cache for "v3html/v3-html-nav.ftl"("en", UTF-8, parsed); will try to load it.
2021-05-11 10:05:33 DEBUG cache:45 - TemplateLoader.findTemplateSource("v3html/v3-html-nav_en.ftl"): Not found
2021-05-11 10:05:33 DEBUG cache:45 - TemplateLoader.findTemplateSource("v3html/v3-html-nav.ftl"): Found
2021-05-11 10:05:33 DEBUG cache:45 - Loading template for "v3html/v3-html-nav.ftl"("en", UTF-8, parsed) from "jar:file:/C:/Users/Srilakshmi/.m2/repository/com/aventstack/extentreports/4.0.9/extentreports-4.0.9.jar!/com/aventstack/extentreports/view/v3html/v3-html-nav.ftl"
2021-05-11 10:05:33 DEBUG cache:45 - Couldn't find template in cache for "v3html/test-view/v3-html-test-view.ftl"("en", UTF-8, parsed); will try to load it.
2021-05-11 10:05:33 DEBUG cache:45 - TemplateLoader.findTemplateSource("v3html/test-view/v3-html-test-view_en.ftl"): Not found
2021-05-11 10:05:33 DEBUG cache:45 - TemplateLoader.findTemplateSource("v3html/test-view/v3-html-test-view.ftl"): Found
2021-05-11 10:05:33 DEBUG cache:45 - Loading template for "v3html/test-view/v3-html-test-view.ftl"("en", UTF-8, parsed) from "jar:file:/C:/Users/Srilakshmi/.m2/repository/com/aventstack/extentreports/4.0.9/extentreports-4.0.9.jar!/com/aventstack/extentreports/view/v3html/test-view/v3-html-test-view.ftl"
2021-05-11 10:05:33 DEBUG cache:45 - Couldn't find template in cache for "v3html/test-view/v3-html-test-view-charts.ftl"("en", UTF-8, parsed); will try to load it.
2021-05-11 10:05:33 DEBUG cache:45 - TemplateLoader.findTemplateSource("v3html/test-view/v3-html-test-view-charts_en.ftl"): Not found
2021-05-11 10:05:33 DEBUG cache:45 - TemplateLoader.findTemplateSource("v3html/test-view/v3-html-test-view-charts.ftl"): Found
2021-05-11 10:05:33 DEBUG cache:45 - Loading template for "v3html/test-view/v3-html-test-view-charts.ftl"("en", UTF-8, parsed) from "jar:file:/C:/Users/Srilakshmi/.m2/repository/com/aventstack/extentreports/4.0.9/extentreports-4.0.9.jar!/com/aventstack/extentreports/view/v3html/test-view/v3-html-test-view-charts.ftl"
2021-05-11 10:05:33 DEBUG cache:45 - Couldn't find template in cache for "v3html/test-view/v3-html-standard.ftl"("en", UTF-8, parsed); will try to load it.
2021-05-11 10:05:33 DEBUG cache:45 - TemplateLoader.findTemplateSource("v3html/test-view/v3-html-standard_en.ftl"): Not found
2021-05-11 10:05:33 DEBUG cache:45 - TemplateLoader.findTemplateSource("v3html/test-view/v3-html-standard.ftl"): Found
2021-05-11 10:05:33 DEBUG cache:45 - Loading template for "v3html/test-view/v3-html-standard.ftl"("en", UTF-8, parsed) from "jar:file:/C:/Users/Srilakshmi/.m2/repository/com/aventstack/extentreports/4.0.9/extentreports-4.0.9.jar!/com/aventstack/extentreports/view/v3html/test-view/v3-html-standard.ftl"
2021-05-11 10:05:33 DEBUG cache:45 - "v3html/test-view/v3-html-standard.ftl"("en", UTF-8, parsed) cached copy not yet stale; using cached.
2021-05-11 10:05:33 DEBUG cache:45 - "v3html/test-view/v3-html-standard.ftl"("en", UTF-8, parsed) cached copy not yet stale; using cached.
2021-05-11 10:05:33 DEBUG cache:45 - Couldn't find template in cache for "v3html/category-view/v3-html-category-view.ftl"("en", UTF-8, parsed); will try to load it.
2021-05-11 10:05:33 DEBUG cache:45 - TemplateLoader.findTemplateSource("v3html/category-view/v3-html-category-view_en.ftl"): Not found
2021-05-11 10:05:33 DEBUG cache:45 - TemplateLoader.findTemplateSource("v3html/category-view/v3-html-category-view.ftl"): Found
2021-05-11 10:05:33 DEBUG cache:45 - Loading template for "v3html/category-view/v3-html-category-view.ftl"("en", UTF-8, parsed) from "jar:file:/C:/Users/Srilakshmi/.m2/repository/com/aventstack/extentreports/4.0.9/extentreports-4.0.9.jar!/com/aventstack/extentreports/view/v3html/category-view/v3-html-category-view.ftl"
2021-05-11 10:05:33 DEBUG cache:45 - Couldn't find template in cache for "v3html/exception-view/v3-html-exception-view.ftl"("en", UTF-8, parsed); will try to load it.
2021-05-11 10:05:33 DEBUG cache:45 - TemplateLoader.findTemplateSource("v3html/exception-view/v3-html-exception-view_en.ftl"): Not found
2021-05-11 10:05:33 DEBUG cache:45 - TemplateLoader.findTemplateSource("v3html/exception-view/v3-html-exception-view.ftl"): Found
2021-05-11 10:05:33 DEBUG cache:45 - Loading template for "v3html/exception-view/v3-html-exception-view.ftl"("en", UTF-8, parsed) from "jar:file:/C:/Users/Srilakshmi/.m2/repository/com/aventstack/extentreports/4.0.9/extentreports-4.0.9.jar!/com/aventstack/extentreports/view/v3html/exception-view/v3-html-exception-view.ftl"
2021-05-11 10:05:33 DEBUG cache:45 - Couldn't find template in cache for "v3html/author-view/v3-html-author-view.ftl"("en", UTF-8, parsed); will try to load it.
2021-05-11 10:05:33 DEBUG cache:45 - TemplateLoader.findTemplateSource("v3html/author-view/v3-html-author-view_en.ftl"): Not found
2021-05-11 10:05:33 DEBUG cache:45 - TemplateLoader.findTemplateSource("v3html/author-view/v3-html-author-view.ftl"): Found
2021-05-11 10:05:33 DEBUG cache:45 - Loading template for "v3html/author-view/v3-html-author-view.ftl"("en", UTF-8, parsed) from "jar:file:/C:/Users/Srilakshmi/.m2/repository/com/aventstack/extentreports/4.0.9/extentreports-4.0.9.jar!/com/aventstack/extentreports/view/v3html/author-view/v3-html-author-view.ftl"
2021-05-11 10:05:33 DEBUG cache:45 - Couldn't find template in cache for "v3html/dashboard-view/v3-html-dashboard-view.ftl"("en", UTF-8, parsed); will try to load it.
2021-05-11 10:05:33 DEBUG cache:45 - TemplateLoader.findTemplateSource("v3html/dashboard-view/v3-html-dashboard-view_en.ftl"): Not found
2021-05-11 10:05:33 DEBUG cache:45 - TemplateLoader.findTemplateSource("v3html/dashboard-view/v3-html-dashboard-view.ftl"): Found
2021-05-11 10:05:33 DEBUG cache:45 - Loading template for "v3html/dashboard-view/v3-html-dashboard-view.ftl"("en", UTF-8, parsed) from "jar:file:/C:/Users/Srilakshmi/.m2/repository/com/aventstack/extentreports/4.0.9/extentreports-4.0.9.jar!/com/aventstack/extentreports/view/v3html/dashboard-view/v3-html-dashboard-view.ftl"
2021-05-11 10:05:33 DEBUG cache:45 - Couldn't find template in cache for "v3html/logs-view/v3-html-testrunner-logs-view.ftl"("en", UTF-8, parsed); will try to load it.
2021-05-11 10:05:33 DEBUG cache:45 - TemplateLoader.findTemplateSource("v3html/logs-view/v3-html-testrunner-logs-view_en.ftl"): Not found
2021-05-11 10:05:33 DEBUG cache:45 - TemplateLoader.findTemplateSource("v3html/logs-view/v3-html-testrunner-logs-view.ftl"): Found
2021-05-11 10:05:33 DEBUG cache:45 - Loading template for "v3html/logs-view/v3-html-testrunner-logs-view.ftl"("en", UTF-8, parsed) from "jar:file:/C:/Users/Srilakshmi/.m2/repository/com/aventstack/extentreports/4.0.9/extentreports-4.0.9.jar!/com/aventstack/extentreports/view/v3html/logs-view/v3-html-testrunner-logs-view.ftl"
2021-05-11 10:05:33 DEBUG TestBase:88 - Triggering browser closing activity
